(---------------------------------------------------------------------)
(                                                                     )
(    Allegro Netrev Import Logic                                      )
(                                                                     )
(    Drawing          : QUADCOPTER1mthrbrd1_1.brd                     )
(    Software Version : 16.6P004                                      )
(    Date/Time        : Mon Sep 14 11:41:33 2015                      )
(                                                                     )
(---------------------------------------------------------------------)


------ Directives ------

RIPUP_ETCH FALSE;
RIPUP_DELETE_FIRST_SEGMENT FALSE;
RIPUP_RETAIN_BONDWIRE FALSE;
RIPUP_SYMBOLS ALWAYS;
Missing symbol has error FALSE;
SCHEMATIC_DIRECTORY 'C:\USERS\KD9609\SRDEV\ORCADQUADCOPTER1';
BOARD_DIRECTORY 'C:/USERS/KD9609/SRDEV/ORCADQUADCOPTER1/allegro';
OLD_BOARD_NAME 'C:/USERS/KD9609/SRDEV/ORCADQUADCOPTER1/allegro/QUADCOPTER1mthrbrd1_1.brd';
NEW_BOARD_NAME 'C:/USERS/KD9609/SRDEV/ORCADQUADCOPTER1/allegro/QUADCOPTER1mthrbrd1_1.brd';

CmdLine: netrev.exe -y 1 -i C:\USERS\KD9609\SRDEV\ORCADQUADCOPTER1 C:\USERS\KD9609\SRDEV\ORCADQUADCOPTER1\allegro\QUADCOPTER1mthrbrd1_1.brd C:\USERS\KD9609\SRDEV\ORCADQUADCOPTER1\allegro\QUADCOPTER1mthrbrd1_1.brd

------ Preparing to read pst files ------

Starting to read C:/USERS/KD9609/SRDEV/ORCADQUADCOPTER1/pstchip.dat 
   Finished reading C:/USERS/KD9609/SRDEV/ORCADQUADCOPTER1/pstchip.dat (00:00:00.02)
Starting to read C:/USERS/KD9609/SRDEV/ORCADQUADCOPTER1/pstxprt.dat 
   Finished reading C:/USERS/KD9609/SRDEV/ORCADQUADCOPTER1/pstxprt.dat (00:00:00.00)
Starting to read C:/USERS/KD9609/SRDEV/ORCADQUADCOPTER1/pstxnet.dat 
   Finished reading C:/USERS/KD9609/SRDEV/ORCADQUADCOPTER1/pstxnet.dat (00:00:00.00)

------ Oversights/Warnings/Errors ------


#1   WARNING(SPMHNI-184): Device library warning detected.

WARNING(SPMHNI-198): Problems with device 'PIC32MX440F256H_10_PIC32MX440_P'. Pinname '!MCLR' is replaced by '$0': 'Pin name is not legal.'. [help]

------ Library Paths ------
MODULEPATH =  . 
           C:/Cadence/SPB_16.6/share/local/pcb/modules 
           C:/USERS/KD9609/DOWNLOADS/ORCAD/pcb_constraints/ 
           Z:/SrDev/OrcadQuadCopter1/ 

PSMPATH =  . 
           symbols 
           .. 
           ../symbols 
           C:/Cadence/SPB_16.6/share/local/pcb/symbols 
           C:/Cadence/SPB_16.6/share/pcb/pcb_lib/symbols 
           C:/Cadence/SPB_16.6/share/pcb/allegrolib/symbols 
           C:/USERS/KD9609/DOWNLOADS/ORCAD/PCB_CONSTRAINTS/ 
           Z:/SrDev/OrcadQuadCopter1/ 

PADPATH =  . 
           symbols 
           .. 
           ../symbols 
           C:/Cadence/SPB_16.6/share/local/pcb/padstacks 
           C:/Cadence/SPB_16.6/share/pcb/pcb_lib/symbols 
           C:/Cadence/SPB_16.6/share/pcb/allegrolib/symbols 
           C:/USERS/KD9609/DOWNLOADS/ORCAD/PCB_CONSTRAINTS/ 
           Z:/SrDev/OrcadQuadCopter1/ 


------ Summary Statistics ------


netrev run on Sep 14 11:41:33 2015
   DESIGN NAME : 'QUADCOPTER1'
   PACKAGING ON Sep 10 2012 04:46:09

   COMPILE 'logic'
   CHECK_PIN_NAMES OFF
   CROSS_REFERENCE OFF
   FEEDBACK OFF
   INCREMENTAL OFF
   INTERFACE_TYPE PHYSICAL
   MAX_ERRORS 500
   MERGE_MINIMUM 5
   NET_NAME_CHARS '#%&()*+-./:=>?@[]^_`|'
   NET_NAME_LENGTH 24
   OVERSIGHTS ON
   REPLACE_CHECK OFF
   SINGLE_NODE_NETS ON
   SPLIT_MINIMUM 0
   SUPPRESS   20
   WARNINGS ON

 No error detected
 No oversight detected
  1 warnings detected

cpu time      0:00:37
elapsed time  0:00:01

