(---------------------------------------------------------------------)
(                                                                     )
(    Auto Silkscreen Log File                                         )
(                                                                     )
(    Drawing          : QUADCOPTER1mthrbrd1_1.brd                     )
(    Software Version : 16.6P004                                      )
(    Date/Time        : Mon Sep 14 12:25:21 2015                      )
(                                                                     )
(---------------------------------------------------------------------)


Generating Auto Silkscreen for the top of the board.

Copying all elements.

Element to Pad clearance is 0.0000
Max Text displacement is 2.5400
Min Line Length is 0.0000
Allowing 0, 90, 180 and 270 degree text rotations.
No Text Allowed Under Components.
Subclass Selections:
 Board Geometry       : None
 Component Value      : None
 Device Type          : None
 Package Geometry     : Silkscreen
 Reference Designator : Silkscreen
 Tolerance            : None
 User Part Number     : None

Text string 'C15' is not at a suitable location
(location: -1.4836, 6.9388)
Text string 'C13' is not at a suitable location
(location: 0.6913, 6.9219)

Total Failures: 2

Log End

