(---------------------------------------------------------------------)
(                                                                     )
(    NC DRILL Log                                                     )
(                                                                     )
(    Drawing          : #Taaaabb01536.tmp                             )
(    Software Version : 16.6P004                                      )
(    Date/Time        : Tue Sep 29 12:25:57 2015                      )
(                                                                     )
(---------------------------------------------------------------------)



 Processing NC Parameters file 'nc_param.txt' ...

 NC PARAMETERS
 -------------

 FORMAT   		2.5
 MACHINE-OFFSET		x:0.000000	y:0.000000
 FEEDRATE		1
 COORDINATES		ABSOLUTE
 OUTPUT-UNITS		ENGLISH
 TOOL-ORDER		INCREASING
 REPEAT-CODES		YES
 SUPPRESS-LEAD-ZEROES	NO
 SUPPRESS-TRAIL-ZEROES	NO
 SUPPRESS-EQUAL		NO
 TOOL-SELECT		YES
 HEADER			none
 LEADER			12
 CODE			ASCII
 SEPARATE		YES
 SEPARATE-ROUTING	NO
 OPTIMIZE_DRILLING	YES
 ENHANCED_EXCELLON	YES
 SCALE			1.000000

 WARNING(SPMHMF-363): Units system is being switched when generating drill output file data.
 WARNING(SPMHMF-365): This design contains 3 slot holes that can NOT be drilled.
 WARNING(SPMHMF-366): They can be processed by NC routing instead.
 WARNING(SPMHMF-368): Cannot find NC Drill tool file 'nc_tools.txt'
 WARNING(SPMHMF-369): ... will auto-generate tool file 'nc_tools_auto.txt'.


     Auto-generating tool file 'nc_tools_auto.txt' ...

           Size  Plating  Tool        + Tolerance  - Tolerance

         0.6000  P        T01            0.000000     0.000000
         1.1000  P        T02            0.000000     0.000000
         1.3970  P        T03            0.000000     0.000000
         1.5000  P        T04            0.000000     0.000000
         3.0000  N        T05            0.000000     0.000000


Drill files being output to directory 'Z:/SRDEV/ORCADQUADCOPTER1(BEGIN MILLING)/ALLEGRO' ...



     'QUADCOPTER1mthrbrd1_2-1-2.drl' created for holes connecting TOP and BOTTOM ; Plating = PLATED
     ----------------------------------------------------------------------------------------------

     Tool  Num     Size      +/- Tolerance     Plating   Quantity

     T01    1.  23.6220    0.0000/  0.0000      PLATED         43
     T02    2.  43.3071    0.0000/  0.0000      PLATED         31
     T03    3.  55.0000    0.0000/  0.0000      PLATED          3
     T04    4.  59.0551    0.0000/  0.0000      PLATED         10

     ---- Total holes:                                         87

     ---- Total head travel:              3.04 feet (0.93 meters)




     'QUADCOPTER1mthrbrd1_2-1-2-np.drl' created for holes connecting TOP and BOTTOM ; Plating = NON_PLATED
     -----------------------------------------------------------------------------------------------------

     Tool  Num     Size      +/- Tolerance     Plating   Quantity

     T05    1. 118.1102    0.0000/  0.0000  NON_PLATED         12

     ---- Total holes:                                         12

     ---- Total head travel:              2.02 feet (0.62 meters)

