(---------------------------------------------------------------------)
(                                                                     )
(    NC ROUTE Log                                                     )
(                                                                     )
(    Drawing          : #Taaaabd01536.tmp                             )
(    Software Version : 16.6P004                                      )
(    Date/Time        : Tue Sep 29 12:26:05 2015                      )
(                                                                     )
(---------------------------------------------------------------------)



 Processing NC Parameters file 'nc_param.txt' ...

 NC PARAMETERS
 -------------

 FORMAT   		2.5
 MACHINE-OFFSET		x:0.000000	y:0.000000
 FEEDRATE		1
 COORDINATES		ABSOLUTE
 OUTPUT-UNITS		ENGLISH
 TOOL-ORDER		INCREASING
 REPEAT-CODES		YES
 SUPPRESS-LEAD-ZEROES	NO
 SUPPRESS-TRAIL-ZEROES	NO
 SUPPRESS-EQUAL		NO
 TOOL-SELECT		YES
 HEADER			none
 LEADER			12
 CODE			ASCII
 SEPARATE		YES
 SEPARATE-ROUTING	NO
 OPTIMIZE_DRILLING	YES
 ENHANCED_EXCELLON	YES
 SCALE			1.000000


 WARNING(SPMHMF-326): Cannot find NC Route bit tool file 'ncroutebits.txt'
 WARNING(SPMHMF-327): ... will auto-generate bit tool file 'ncroutebits_auto.txt'.

 Auto-generating tool file 'ncroutebits_auto.txt' ...

-------------------------------------------------------------

 Pre_processing route path data ...

 WARNING(SPMHMF-296): No route path data was found for processing.


-------------------------------------------------------------

 Processing slot hole data ...

 WARNING(SPMHMF-318): No toolcode of a size smaller than 1.000000 found for a RECTANGLE slot ... Defaulting to T01.

 WARNING(SPMHMF-318): No toolcode of a size smaller than 1.000000 found for a RECTANGLE slot ... Defaulting to T01.

 WARNING(SPMHMF-318): No toolcode of a size smaller than 1.000000 found for a RECTANGLE slot ... Defaulting to T01.

 OVAL      slots routed: 0
 RECTANGLE slots routed: 3

-------------------------------------------------------------

 NC Route file 'QUADCOPTER1mthrbrd1_2.rou' created ...

-------------------------------------------------------------

 Program completed WITH WARNINGS.

