(---------------------------------------------------------------------)
(                                                                     )
(    Allegro Netrev Import Logic                                      )
(                                                                     )
(    Drawing          : QUADCOPTER1mthrbrd1_2.brd                     )
(    Software Version : 16.6P004                                      )
(    Date/Time        : Wed Nov 04 12:06:17 2015                      )
(                                                                     )
(---------------------------------------------------------------------)


------ Directives ------

RIPUP_ETCH FALSE;
RIPUP_DELETE_FIRST_SEGMENT FALSE;
RIPUP_RETAIN_BONDWIRE FALSE;
RIPUP_SYMBOLS ALWAYS;
Missing symbol has error FALSE;
SCHEMATIC_DIRECTORY 'Z:\SRDEV\ORCADQUADCOPTER1(BEGIN MILLING)\ALLEGRO';
BOARD_DIRECTORY 'Z:/SRDEV/ORCADQUADCOPTER1(BEGIN MILLING)/allegro';
OLD_BOARD_NAME 'Z:/SRDEV/ORCADQUADCOPTER1(BEGIN MILLING)/allegro/QUADCOPTER1mthrbrd1_2.brd';
NEW_BOARD_NAME 'Z:/SRDEV/ORCADQUADCOPTER1(BEGIN MILLING)/allegro/QUADCOPTER1mthrbrd1_2.brd';

CmdLine: netrev.exe -y 1 -i Z:\SRDEV\ORCADQUADCOPTER1(BEGIN MILLING)\ALLEGRO Z:\SRDEV\ORCADQUADCOPTER1(BEGIN MILLING)\allegro\QUADCOPTER1mthrbrd1_2.brd Z:\SRDEV\ORCADQUADCOPTER1(BEGIN MILLING)\allegro\QUADCOPTER1mthrbrd1_2.brd

------ Preparing to read pst files ------

Starting to read Z:/SRDEV/ORCADQUADCOPTER1(BEGIN MILLING)/ALLEGRO/pstchip.dat 
   Finished reading Z:/SRDEV/ORCADQUADCOPTER1(BEGIN MILLING)/ALLEGRO/pstchip.dat (00:00:00.10)
Starting to read Z:/SRDEV/ORCADQUADCOPTER1(BEGIN MILLING)/ALLEGRO/pstxprt.dat 
   Finished reading Z:/SRDEV/ORCADQUADCOPTER1(BEGIN MILLING)/ALLEGRO/pstxprt.dat (00:00:00.02)
Starting to read Z:/SRDEV/ORCADQUADCOPTER1(BEGIN MILLING)/ALLEGRO/pstxnet.dat 
   Finished reading Z:/SRDEV/ORCADQUADCOPTER1(BEGIN MILLING)/ALLEGRO/pstxnet.dat (00:00:00.00)

------ Oversights/Warnings/Errors ------


#1   WARNING(SPMHNI-184): Device library warning detected.

WARNING(SPMHNI-198): Problems with device 'PIC32MX440F256H_10_PIC32MX440_P'. Pinname '!MCLR' is replaced by '$0': 'Pin name is not legal.'. [help]

------ Library Paths ------
MODULEPATH =  . 
           C:/Cadence/SPB_16.6/share/local/pcb/modules 
           C:/USERS/KD9609/DOWNLOADS/ORCAD/pcb_constraints/ 
           Z:/SrDev/OrcadQuadCopter1/ 
           Z:/SRDEV/ORCADQUADCOPTER1(BEGIN MILLING)/ 
           C:/Users/kd9609/orcad/pcb_symbols/ 

PSMPATH =  . 
           symbols 
           .. 
           ../symbols 
           C:/Cadence/SPB_16.6/share/local/pcb/symbols 
           C:/Cadence/SPB_16.6/share/pcb/pcb_lib/symbols 
           C:/Cadence/SPB_16.6/share/pcb/allegrolib/symbols 
           C:/USERS/KD9609/DOWNLOADS/ORCAD/PCB_CONSTRAINTS/ 
           Z:/SrDev/OrcadQuadCopter1/ 
           Z:/SRDEV/ORCADQUADCOPTER1(BEGIN MILLING)/ 

PADPATH =  . 
           symbols 
           .. 
           ../symbols 
           C:/Cadence/SPB_16.6/share/local/pcb/padstacks 
           C:/Cadence/SPB_16.6/share/pcb/pcb_lib/symbols 
           C:/Cadence/SPB_16.6/share/pcb/allegrolib/symbols 
           C:/USERS/KD9609/DOWNLOADS/ORCAD/PCB_CONSTRAINTS/ 
           Z:/SrDev/OrcadQuadCopter1/ 
           C:/Users/kd9609/orcad/pcb_symbols/ 


------ Summary Statistics ------


netrev run on Nov 4 12:06:17 2015
   DESIGN NAME : 'QUADCOPTER1'
   PACKAGING ON Sep 10 2012 04:46:09

   COMPILE 'logic'
   CHECK_PIN_NAMES OFF
   CROSS_REFERENCE OFF
   FEEDBACK OFF
   INCREMENTAL OFF
   INTERFACE_TYPE PHYSICAL
   MAX_ERRORS 500
   MERGE_MINIMUM 5
   NET_NAME_CHARS '#%&()*+-./:=>?@[]^_`|'
   NET_NAME_LENGTH 24
   OVERSIGHTS ON
   REPLACE_CHECK OFF
   SINGLE_NODE_NETS ON
   SPLIT_MINIMUM 0
   SUPPRESS   20
   WARNINGS ON

 No error detected
 No oversight detected
  1 warnings detected

cpu time      0:03:17
elapsed time  0:00:00

