(---------------------------------------------------------------------)
(                                                                     )
(    ARTWORK LOG                                                      )
(                                                                     )
(    Drawing          : QUADCOPTER1mthrbrd1_2.brd                     )
(    Software Version : 16.6P004                                      )
(    Date/Time        : Tue Sep 29 12:25:37 2015                      )
(                                                                     )
(---------------------------------------------------------------------)


 ---- Photoplot outline rectangle not found ... using drawing extents



Results from parameter file ...
    DEVICE-TYPE           GERBER_RS274X
    OUTPUT-UNITS          MM
    FILM-SIZE             2400000 1600000
    FORMAT                2.5
    ABORT-ON-ERROR        NO
    SCALE                 1
    SUPPRESS-LEAD-ZEROES  YES
    SUPPRESS-TRAIL-ZEROES NO
    SUPPRESS-EQUAL        YES
    UNDEF-APT-CONT        NO


================================================================
     PROCESSING FILM < PROMASK_BOTTOM >
     TO FILE < Z:/SRDEV/ORCADQUADCOPTER1(BEGIN MILLING)/ALLEGRO/PROMASK_BOTTOM.art > ...
================================================================

  FILM PARAMETERS :
  ---------------------------------------------------------
  Undefined line width                0.0000
  Mirror code                         NONE
  Rotate angle                        NONE
  Offset x:                           0.0000
  Offset y:                           0.0000
  Plot negative                       NO
  Suppress unconnected internal pads  NO
  Draw holes only                     NO



  APERTURES USED:
  ---------------------------------------------------------
  TYPE       SIZE/NAME                   ROT   MIRROR MODE 
  ---------------------------------------------------------
  CIRCLE     0.92000                                  DARK 
  CIRCLE     1.75000                                  DARK 
  CIRCLE     2.25000                                  DARK 
  CIRCLE     2.41300                                  DARK 
  RECTANGLE  2.25000     x 1.75000      45.000 NO     DARK 
  RECTANGLE  5.08000     x 10.16000    135.000 NO     DARK 

     PROMASK_BOTTOM created.


================================================================
     PROCESSING FILM < TOP >
     TO FILE < Z:/SRDEV/ORCADQUADCOPTER1(BEGIN MILLING)/ALLEGRO/TOP.art > ...
================================================================

  FILM PARAMETERS :
  ---------------------------------------------------------
  Undefined line width                0.0000
  Mirror code                         NONE
  Rotate angle                        NONE
  Offset x:                           0.0000
  Offset y:                           0.0000
  Plot negative                       NO
  Suppress unconnected internal pads  YES
  Draw holes only                     NO



  APERTURES USED:
  ---------------------------------------------------------
  TYPE       SIZE/NAME                   ROT   MIRROR MODE 
  ---------------------------------------------------------
  CIRCLE     0.30000                                  DARK 
  CIRCLE     0.38100                                  DARK 
  CIRCLE     0.60000                                  DARK 
  CIRCLE     0.90000                                  DARK 
  CIRCLE     1.00000                                  DARK 
  CIRCLE     1.70000                                  DARK 
  CIRCLE     2.03200                                  DARK 
  CIRCLE     2.20000                                  DARK 
  CIRCLE     4.00000                                  DARK 
  RECTANGLE  0.24000     x 0.35990      45.000 NO     DARK 
  RECTANGLE  0.24000     x 0.35990     135.000 NO     DARK 
  RECTANGLE  0.30000     x 1.50010      45.000 NO     DARK 
  RECTANGLE  0.30000     x 1.50010     135.000 NO     DARK 
  RECTANGLE  0.90000     x 1.50000     135.000 NO     DARK 
  RECTANGLE  0.95000     x 0.95000      45.000 NO     DARK 
  RECTANGLE  0.95000     x 0.95000     135.000 NO     DARK 
  RECTANGLE  1.00000     x 1.00000      45.000 NO     DARK 
  RECTANGLE  1.19990     x 1.80010       0.000 NO     DARK 
  RECTANGLE  1.19990     x 1.80010      45.000 NO     DARK 
  RECTANGLE  1.19990     x 1.80010      90.000 NO     DARK 
  RECTANGLE  1.19990     x 1.80010     135.000 NO     DARK 
  RECTANGLE  2.20000     x 1.70000      45.000 NO     DARK 
  PAD SHAPE  PIC32MX440TQFPPIN1         45.000 NO     DARK 
  PAD SHAPE  SENSORPAD1                315.000 NO     DARK 

     TOP created.


================================================================
     PROCESSING FILM < BOTTOM >
     TO FILE < Z:/SRDEV/ORCADQUADCOPTER1(BEGIN MILLING)/ALLEGRO/BOTTOM.art > ...
================================================================

  FILM PARAMETERS :
  ---------------------------------------------------------
  Undefined line width                0.0000
  Mirror code                         NONE
  Rotate angle                        NONE
  Offset x:                           0.0000
  Offset y:                           0.0000
  Plot negative                       NO
  Suppress unconnected internal pads  NO
  Draw holes only                     NO



  APERTURES USED:
  ---------------------------------------------------------
  TYPE       SIZE/NAME                   ROT   MIRROR MODE 
  ---------------------------------------------------------
  CIRCLE     0.38100                                  DARK 
  CIRCLE     0.40000                                  DARK 
  CIRCLE     0.60000                                  DARK 
  CIRCLE     0.90000                                  DARK 
  CIRCLE     1.00000                                  DARK 
  CIRCLE     1.70000                                  DARK 
  CIRCLE     2.03200                                  DARK 
  CIRCLE     2.20000                                  DARK 
  CIRCLE     4.00000                                  DARK 
  RECTANGLE  2.20000     x 1.70000      45.000 NO     DARK 
  RECTANGLE  5.08000     x 10.16000    135.000 NO     DARK 

     BOTTOM created.


================================================================
     PROCESSING FILM < SILK >
     TO FILE < Z:/SRDEV/ORCADQUADCOPTER1(BEGIN MILLING)/ALLEGRO/SILK.art > ...
================================================================

  FILM PARAMETERS :
  ---------------------------------------------------------
  Undefined line width                0.1001
  Mirror code                         NONE
  Rotate angle                        NONE
  Offset x:                           0.0000
  Offset y:                           0.0000
  Plot negative                       NO
  Suppress unconnected internal pads  NO
  Draw holes only                     NO

    WARNING: text composed 0 width line found at (-22.8276 -5.1054)
           ... using undefined line width of 0.1001

    WARNING: text having Multiple 0 width lines; all will be treated the same as the first.
           ... using undefined line width of 0.1001

    WARNING: 0 width line found at (-4.2362 -5.1147)
           ... using undefined line width of 0.1001

    WARNING: Multiple 0 width lines; all will be treated the same as the first.
           ... using undefined line width of 0.1001



  APERTURES USED:
  ---------------------------------------------------------
  TYPE       SIZE/NAME                   ROT   MIRROR MODE 
  ---------------------------------------------------------
  CIRCLE     0.10010                                  DARK 

     SILK created with warnings


================================================================
     PROCESSING FILM < PROMASK >
     TO FILE < Z:/SRDEV/ORCADQUADCOPTER1(BEGIN MILLING)/ALLEGRO/PROMASK.art > ...
================================================================

  FILM PARAMETERS :
  ---------------------------------------------------------
  Undefined line width                0.0000
  Mirror code                         NONE
  Rotate angle                        NONE
  Offset x:                           0.0000
  Offset y:                           0.0000
  Plot negative                       NO
  Suppress unconnected internal pads  NO
  Draw holes only                     NO



  APERTURES USED:
  ---------------------------------------------------------
  TYPE       SIZE/NAME                   ROT   MIRROR MODE 
  ---------------------------------------------------------
  CIRCLE     0.92000                                  DARK 
  CIRCLE     1.75000                                  DARK 
  CIRCLE     2.25000                                  DARK 
  CIRCLE     2.41300                                  DARK 
  CIRCLE     4.10010                                  DARK 
  SQUARE     1.00000                    45.000 NO     DARK 
  RECTANGLE  0.24990     x 0.37010      45.000 NO     DARK 
  RECTANGLE  0.24990     x 0.37010     135.000 NO     DARK 
  RECTANGLE  0.35000     x 1.54990      45.000 NO     DARK 
  RECTANGLE  0.35000     x 1.54990     135.000 NO     DARK 
  RECTANGLE  0.95000     x 1.55000     135.000 NO     DARK 
  RECTANGLE  1.30000     x 1.30000      45.000 NO     DARK 
  RECTANGLE  1.30000     x 1.89990       0.000 NO     DARK 
  RECTANGLE  1.30000     x 1.89990      45.000 NO     DARK 
  RECTANGLE  1.30000     x 1.89990      90.000 NO     DARK 
  RECTANGLE  1.30000     x 1.89990     135.000 NO     DARK 
  RECTANGLE  2.25000     x 1.75000      45.000 NO     DARK 
  PAD SHAPE  PIC32MX440TQFPPIN1MASK     45.000 NO     DARK 
  PAD SHAPE  SENSORPAD1MASK            315.000 NO     DARK 

     PROMASK created.


================================================================
     PROCESSING FILM < PASTE >
     TO FILE < Z:/SRDEV/ORCADQUADCOPTER1(BEGIN MILLING)/ALLEGRO/PASTE.art > ...
================================================================

  FILM PARAMETERS :
  ---------------------------------------------------------
  Undefined line width                0.0000
  Mirror code                         NONE
  Rotate angle                        NONE
  Offset x:                           0.0000
  Offset y:                           0.0000
  Plot negative                       NO
  Suppress unconnected internal pads  NO
  Draw holes only                     NO



  APERTURES USED:
  ---------------------------------------------------------
  TYPE       SIZE/NAME                   ROT   MIRROR MODE 
  ---------------------------------------------------------
  CIRCLE     0.10000                                  DARK 
  CIRCLE     0.20000                                  DARK 
  CIRCLE     0.60000                                  DARK 
  RECTANGLE  0.89990     x 1.59990       0.000 NO     DARK 
  RECTANGLE  0.89990     x 1.59990      45.000 NO     DARK 
  RECTANGLE  0.89990     x 1.59990      90.000 NO     DARK 
  RECTANGLE  0.89990     x 1.59990     135.000 NO     DARK 

     PASTE created.


================================================================
     PROCESSING FILM < shape >
     TO FILE < Z:/SRDEV/ORCADQUADCOPTER1(BEGIN MILLING)/ALLEGRO/shape.art > ...
================================================================

  FILM PARAMETERS :
  ---------------------------------------------------------
  Undefined line width                0.1001
  Mirror code                         NONE
  Rotate angle                        NONE
  Offset x:                           0.0000
  Offset y:                           0.0000
  Plot negative                       NO
  Suppress unconnected internal pads  NO
  Draw holes only                     NO



  APERTURES USED:
  ---------------------------------------------------------
  TYPE       SIZE/NAME                   ROT   MIRROR MODE 
  ---------------------------------------------------------
  CIRCLE     0.10010                                  DARK 

     shape created.


------------------------------------------------------
 SUMMARY:
        PROMASK_BOTTOM created.
        TOP created.
        BOTTOM created.
        SILK created with warnings
        PROMASK created.
        PASTE created.
        shape created.

 ARTWORK finished
